<?xml version="1.0" encoding="UTF-8"?>
<testsuite xmlns:xsi="http://www.w3.org/2001/XMLSchema-instance" xsi:noNamespaceSchemaLocation="https://maven.apache.org/surefire/maven-surefire-plugin/xsd/surefire-test-report.xsd" name="com.dabanjia.vayne.cache.service.MyTest" time="7.817" tests="4" errors="0" skipped="0" failures="0">
  <properties>
[...]
</properties>
  <testcase name="getUser" classname="com.dabanjia.vayne.cache.service.MyTest" time="2.028"/>
  <testcase name="test" classname="com.dabanjia.vayne.cache.service.MyTest" time="0.02"/>
  <testcase name="test2" classname="com.dabanjia.vayne.cache.service.MyTest" time="0.05"/>
  <testcase name="invalidCache" classname="com.dabanjia.vayne.cache.service.MyTest" time="0.037"/>
</testsuite>